0 info it worked if it ends with ok
1 verbose cli [ 'C:\\Program Files\\nodejs\\node.exe',
1 verbose cli   'C:\\Users\\Luke\\AppData\\Roaming\\npm\\node_modules\\npm\\bin\\npm-cli.js',
1 verbose cli   'install' ]
2 info using npm@3.10.5
3 info using node@v8.9.4
4 silly loadCurrentTree Starting
5 silly install loadCurrentTree
6 silly install readLocalPackageData
7 verbose stack Error: kill ENOSYS
7 verbose stack     at Object._errnoException (util.js:1022:11)
7 verbose stack     at process.kill (internal/process.js:183:18)
7 verbose stack     at process.listener (C:\Users\Luke\AppData\Roaming\npm\node_modules\npm\node_modules\npmlog\node_modules\gauge\node_modules\signal-exit\index.js:86:15)
7 verbose stack     at emitNone (events.js:106:13)
7 verbose stack     at process.emit (events.js:208:7)
7 verbose stack     at processEmit (C:\Users\Luke\AppData\Roaming\npm\node_modules\npm\node_modules\npmlog\node_modules\gauge\node_modules\signal-exit\index.js:146:32)
7 verbose stack     at Signal.wrap.onsignal (internal/process.js:208:44)
8 verbose cwd C:\xampp\htdocs\lukehedin
9 error Windows_NT 10.0.16299
10 error argv "C:\\Program Files\\nodejs\\node.exe" "C:\\Users\\Luke\\AppData\\Roaming\\npm\\node_modules\\npm\\bin\\npm-cli.js" "install"
11 error node v8.9.4
12 error npm  v3.10.5
13 error code ENOSYS
14 error errno ENOSYS
15 error syscall kill
16 error kill ENOSYS
17 error If you need help, you may report this error at:
17 error     <https://github.com/npm/npm/issues>
18 verbose exit [ 1, true ]
